<?xml version="1.0" encoding="UTF-8"?>
<!-- Generated by org.testng.reporters.JUnitXMLReporter -->
<testsuite hostname="U2-DPE-CPB-0111" name="DSS-Regression With Firefox" tests="1" failures="0" timestamp="3 Feb 2017 06:34:32 GMT" time="112.815" errors="0">
  <testcase name="@AfterMethod tearDown" time="0.0" classname="com.dss.test.isologin.Execution">
    <failure type="java.lang.NullPointerException">
      <![CDATA[java.lang.NullPointerException
	at com.dss.test.isologin.Execution.tearDown(Execution.java:91)
	at java.util.concurrent.FutureTask.run(Unknown Source)
	at java.util.concurrent.ThreadPoolExecutor.runWorker(Unknown Source)
	at java.util.concurrent.ThreadPoolExecutor$Worker.run(Unknown Source)
	at java.lang.Thread.run(Unknown Source)
... Removed 18 stack frames]]>
    </failure>
  </testcase> <!-- @AfterMethod tearDown -->
  <testcase name="@AfterTest cleanup" time="0.0" classname="com.dss.test.isologin.Execution">
    <skipped/>
  </testcase> <!-- @AfterTest cleanup -->
  <testcase name="test1" time="103.852" classname="com.dss.test.isologin.Execution"/>
</testsuite> <!-- DSS-Regression With Firefox -->
