<?xml version="1.0" encoding="UTF-8"?>
<testng-results skipped="0" failed="0" total="1" passed="1">
  <reporter-output>
  </reporter-output>
  <suite name="Suite" duration-ms="82300" started-at="2017-02-07T16:33:07Z" finished-at="2017-02-07T16:34:29Z">
    <groups>
    </groups>
    <test name="DSS-Regression With Firefox" duration-ms="82300" started-at="2017-02-07T16:33:07Z" finished-at="2017-02-07T16:34:29Z">
      <class name="com.dss.test.isologin.Execution">
        <test-method status="PASS" signature="setup(java.lang.String, java.lang.String)[pri:0, instance:com.dss.test.isologin.Execution@1f256fa]" name="setup" is-config="true" duration-ms="54191" started-at="2017-02-07T22:03:07Z" finished-at="2017-02-07T22:04:01Z">
          <params>
            <param index="0">
              <value>
                <![CDATA[firefox]]>
              </value>
            </param>
            <param index="1">
              <value>
                <![CDATA[windows]]>
              </value>
            </param>
          </params>
          <reporter-output>
          </reporter-output>
        </test-method> <!-- setup -->
        <test-method status="PASS" signature="isISOLoginSuccessfull()[pri:0, instance:com.dss.test.isologin.Execution@1f256fa]" name="isISOLoginSuccessfull" duration-ms="24741" started-at="2017-02-07T22:04:01Z" finished-at="2017-02-07T22:04:26Z">
          <reporter-output>
          </reporter-output>
        </test-method> <!-- isISOLoginSuccessfull -->
        <test-method status="PASS" signature="tearDown(org.testng.ITestResult)[pri:0, instance:com.dss.test.isologin.Execution@1f256fa]" name="tearDown" is-config="true" duration-ms="3057" started-at="2017-02-07T22:04:26Z" finished-at="2017-02-07T22:04:29Z">
          <params>
            <param index="0">
              <value>
                <![CDATA[[TestResult name=isISOLoginSuccessfull status=SUCCESS method=Execution.isISOLoginSuccessfull()[pri:0, instance:com.dss.test.isologin.Execution@1f256fa] output={null}]]]>
              </value>
            </param>
          </params>
          <reporter-output>
          </reporter-output>
        </test-method> <!-- tearDown -->
        <test-method status="PASS" signature="cleanup()[pri:0, instance:com.dss.test.isologin.Execution@1f256fa]" name="cleanup" is-config="true" duration-ms="270" started-at="2017-02-07T22:04:29Z" finished-at="2017-02-07T22:04:29Z">
          <reporter-output>
          </reporter-output>
        </test-method> <!-- cleanup -->
      </class> <!-- com.dss.test.isologin.Execution -->
    </test> <!-- DSS-Regression With Firefox -->
  </suite> <!-- Suite -->
</testng-results>
