<?xml version="1.0" encoding="UTF-8"?>
<!-- Generated by org.testng.reporters.JUnitXMLReporter -->
<testsuite hostname="U2-DPE-CPB-0111" ignored="1" name="SS-STAGE: Test execution on Firefox" tests="1" failures="0" timestamp="20 Feb 2017 07:11:12 GMT" time="79.734" errors="0">
  <testcase name="isISOLoginSuccessfull" time="25.379" classname="com.dss.app.test.isologin.TestExecutor"/>
  <testcase name="test1" time="0.0" classname="com.dss.app.test.isologin.TestExecutor">
    <ignored/>
  </testcase> <!-- test1 -->
</testsuite> <!-- SS-STAGE: Test execution on Firefox -->
