<?xml version="1.0" encoding="UTF-8"?>
<!-- Generated by org.testng.reporters.JUnitXMLReporter -->
<testsuite hostname="U2-DPE-CPB-0111" ignored="1" name="SS-STAGE: Test execution on Chrome" tests="1" failures="0" timestamp="20 Feb 2017 07:09:52 GMT" time="89.749" errors="0">
  <testcase name="isISOLoginSuccessfull" time="23.172" classname="com.dss.app.test.isologin.TestExecutor"/>
  <testcase name="test1" time="0.0" classname="com.dss.app.test.isologin.TestExecutor">
    <ignored/>
  </testcase> <!-- test1 -->
</testsuite> <!-- SS-STAGE: Test execution on Chrome -->
