<?xml version="1.0" encoding="UTF-8"?>
<!-- Generated by org.testng.reporters.JUnitXMLReporter -->
<testsuite hostname="in-pritamkadam.local" ignored="2" tests="0" failures="0" timestamp="18 Feb 2017 10:54:51 GMT" time="0.0" errors="0">
  <testcase name="isISOLoginSuccessfull" time="0.0" classname="com.dss.app.test.isologin.TestExecutor">
    <ignored/>
  </testcase> <!-- isISOLoginSuccessfull -->
  <testcase name="test1" time="0.0" classname="com.dss.app.test.isologin.TestExecutor">
    <ignored/>
  </testcase> <!-- test1 -->
</testsuite>
